<?xml version="1.0" encoding="UTF-8"?>
<!-- Generated by org.testng.reporters.JUnitXMLReporter -->
<testsuite hostname="DESKTOP-JIT18G6" ignored="0" name="Default test" tests="2" failures="0" timestamp="07 Mar 2018 06:05:46 GMT" time="2.25" errors="0">
  <testcase name="defaultMonthlyBillTest" time="0.16" classname="com.amazon.tests.AWSCalclatorTests"/>
  <testcase name="addedEc2DefaultValuesTest" time="0.177" classname="com.amazon.tests.AWSCalclatorTests"/>
</testsuite> <!-- Default test -->
