<?xml version="1.0" encoding="UTF-8"?>
<testng-results skipped="0" failed="0" ignored="0" total="2" passed="2">
  <reporter-output>
  </reporter-output>
  <suite name="Default suite" duration-ms="2250" started-at="2018-03-07T06:05:44Z" finished-at="2018-03-07T06:05:46Z">
    <groups>
    </groups>
    <test name="Default test" duration-ms="2250" started-at="2018-03-07T06:05:44Z" finished-at="2018-03-07T06:05:46Z">
      <class name="com.amazon.tests.AWSCalclatorTests">
        <test-method status="PASS" signature="setUp(java.lang.String)[pri:0, instance:com.amazon.tests.AWSCalclatorTests@5a59ca5e]" name="setUp" is-config="true" duration-ms="1907" started-at="2018-03-07T01:05:44Z" finished-at="2018-03-07T01:05:46Z">
          <params>
            <param index="0">
              <value is-null="true"/>
            </param>
          </params>
          <reporter-output>
          </reporter-output>
        </test-method> <!-- setUp -->
        <test-method status="PASS" signature="defaultMonthlyBillTest()[pri:0, instance:com.amazon.tests.AWSCalclatorTests@5a59ca5e]" name="defaultMonthlyBillTest" duration-ms="160" started-at="2018-03-07T01:05:46Z" description="Monthly bill should be $0.00 by default" finished-at="2018-03-07T01:05:46Z">
          <reporter-output>
          </reporter-output>
        </test-method> <!-- defaultMonthlyBillTest -->
        <test-method status="PASS" signature="addedEc2DefaultValuesTest()[pri:1, instance:com.amazon.tests.AWSCalclatorTests@5a59ca5e]" name="addedEc2DefaultValuesTest" duration-ms="177" started-at="2018-03-07T01:05:46Z" finished-at="2018-03-07T01:05:46Z">
          <reporter-output>
          </reporter-output>
        </test-method> <!-- addedEc2DefaultValuesTest -->
        <test-method status="PASS" signature="tearDown()[pri:0, instance:com.amazon.tests.AWSCalclatorTests@5a59ca5e]" name="tearDown" is-config="true" duration-ms="0" started-at="2018-03-07T01:05:46Z" finished-at="2018-03-07T01:05:46Z">
          <reporter-output>
          </reporter-output>
        </test-method> <!-- tearDown -->
      </class> <!-- com.amazon.tests.AWSCalclatorTests -->
    </test> <!-- Default test -->
  </suite> <!-- Default suite -->
</testng-results>
